<?xml version="1.0" encoding="UTF-8"?>
<testng-results ignored="0" total="1" passed="1" failed="0" skipped="0">
  <reporter-output>
  </reporter-output>
  <suite started-at="2025-05-23T19:49:34 IST" name="KhanAcademySuite" finished-at="2025-05-23T19:51:01 IST" duration-ms="87069">
    <groups>
    </groups>
    <test started-at="2025-05-23T19:49:34 IST" name="Course Test" finished-at="2025-05-23T19:51:01 IST" duration-ms="87069">
      <class name="khanAcademyTest.CourseAutomationTest">
        <test-method is-config="true" signature="setUpReport()[pri:0, instance:khanAcademyTest.CourseAutomationTest@1080b026]" started-at="2025-05-23T19:49:33 IST" name="setUpReport" finished-at="2025-05-23T19:49:34 IST" duration-ms="328" status="PASS">
          <reporter-output>
          </reporter-output>
        </test-method> <!-- setUpReport -->
        <test-method is-config="true" signature="setUp(java.lang.String,org.testng.ITestResult)[pri:0, instance:khanAcademyTest.CourseAutomationTest@1080b026]" started-at="2025-05-23T19:49:34 IST" name="setUp" finished-at="2025-05-23T19:49:48 IST" duration-ms="14045" status="PASS">
          <params>
            <param index="0">
              <value>
                <![CDATA[chrome]]>
              </value>
            </param>
            <param index="1">
              <value>
                <![CDATA[[TestResult name={null} status=CREATED method=CourseAutomationTest.testCourseFlow()[pri:0, instance:khanAcademyTest.CourseAutomationTest@1080b026] output={null}]]]>
              </value>
            </param>
          </params>
          <reporter-output>
          </reporter-output>
        </test-method> <!-- setUp -->
        <test-method signature="testCourseFlow()[pri:0, instance:khanAcademyTest.CourseAutomationTest@1080b026]" started-at="2025-05-23T19:49:48 IST" name="testCourseFlow" finished-at="2025-05-23T19:50:52 IST" duration-ms="64406" status="PASS">
          <reporter-output>
          </reporter-output>
        </test-method> <!-- testCourseFlow -->
        <test-method is-config="true" signature="tearDown(org.testng.ITestResult)[pri:0, instance:khanAcademyTest.CourseAutomationTest@1080b026]" started-at="2025-05-23T19:50:52 IST" name="tearDown" finished-at="2025-05-23T19:51:01 IST" duration-ms="8559" status="PASS">
          <params>
            <param index="0">
              <value>
                <![CDATA[[TestResult name=testCourseFlow status=SUCCESS method=CourseAutomationTest.testCourseFlow()[pri:0, instance:khanAcademyTest.CourseAutomationTest@1080b026] output={null}]]]>
              </value>
            </param>
          </params>
          <reporter-output>
          </reporter-output>
        </test-method> <!-- tearDown -->
        <test-method is-config="true" signature="tearDownReport()[pri:0, instance:khanAcademyTest.CourseAutomationTest@1080b026]" started-at="2025-05-23T19:51:01 IST" name="tearDownReport" finished-at="2025-05-23T19:51:01 IST" duration-ms="378" status="PASS">
          <reporter-output>
          </reporter-output>
        </test-method> <!-- tearDownReport -->
      </class> <!-- khanAcademyTest.CourseAutomationTest -->
    </test> <!-- Course Test -->
  </suite> <!-- KhanAcademySuite -->
</testng-results>
