<?xml version="1.0" encoding="UTF-8"?>
<!-- Generated by org.testng.reporters.JUnitXMLReporter -->
<testsuite ignored="0" hostname="ASCINLAP61749" failures="0" tests="1" name="CourseAutomationTests" time="0.132" errors="0" timestamp="2025-05-21T11:17:02 IST">
  <testcase classname="khanAcademyPage.BaseTest" name="@BeforeMethod setUp" time="0.021">
    <failure type="java.io.FileNotFoundException" message="config.properties (The system cannot find the file specified)">
      <![CDATA[java.io.FileNotFoundException: config.properties (The system cannot find the file specified)
at java.base/java.io.FileInputStream.open0(Native Method)
at java.base/java.io.FileInputStream.open(FileInputStream.java:219)
at java.base/java.io.FileInputStream.<init>(FileInputStream.java:159)
at java.base/java.io.FileInputStream.<init>(FileInputStream.java:112)
at khanAcademyPage.BaseTest.setUp(BaseTest.java:24)
at java.base/java.util.concurrent.Executors$RunnableAdapter.call(Executors.java:572)
at java.base/java.util.concurrent.FutureTask.run(FutureTask.java:317)
at java.base/java.util.concurrent.ThreadPoolExecutor.runWorker(ThreadPoolExecutor.java:1144)
at java.base/java.util.concurrent.ThreadPoolExecutor$Worker.run(ThreadPoolExecutor.java:642)
at java.base/java.lang.Thread.run(Thread.java:1575)
... Removed 15 stack frames]]>
    </failure>
  </testcase> <!-- @BeforeMethod setUp -->
  <testcase classname="khanAcademyPage.BaseTest" name="@AfterMethod tearDown" time="0.0">
    <skipped/>
  </testcase> <!-- @AfterMethod tearDown -->
  <testcase classname="khanAcademyTest.CourseAutomationTest" name="testCourseFlow" time="0.0">
    <skipped/>
  </testcase> <!-- testCourseFlow -->
</testsuite> <!-- CourseAutomationTests -->
